{"/Users/minho/hackReactor/FEC/summary-menu/client/src/components/App.jsx": {"path":"/Users/minho/hackReactor/FEC/summary-menu/client/src/components/App.jsx","statementMap":{"0":{"start":{"line":8,"column":4},"end":{"line":8,"column":17}},"1":{"start":{"line":9,"column":4},"end":{"line":13,"column":6}},"2":{"start":{"line":14,"column":4},"end":{"line":14,"column":75}},"3":{"start":{"line":15,"column":4},"end":{"line":15,"column":79}},"4":{"start":{"line":19,"column":4},"end":{"line":26,"column":9}},"5":{"start":{"line":21,"column":32},"end":{"line":21,"column":40}},"6":{"start":{"line":22,"column":8},"end":{"line":25,"column":11}},"7":{"start":{"line":30,"column":4},"end":{"line":30,"column":51}},"8":{"start":{"line":34,"column":38},"end":{"line":34,"column":48}},"9":{"start":{"line":35,"column":22},"end":{"line":35,"column":44}},"10":{"start":{"line":36,"column":4},"end":{"line":36,"column":56}},"11":{"start":{"line":40,"column":31},"end":{"line":40,"column":41}},"12":{"start":{"line":41,"column":31},"end":{"line":41,"column":41}},"13":{"start":{"line":42,"column":38},"end":{"line":42,"column":48}},"14":{"start":{"line":43,"column":25},"end":{"line":43,"column":59}},"15":{"start":{"line":44,"column":22},"end":{"line":44,"column":24}},"16":{"start":{"line":45,"column":4},"end":{"line":49,"column":5}},"17":{"start":{"line":45,"column":17},"end":{"line":45,"column":18}},"18":{"start":{"line":46,"column":6},"end":{"line":48,"column":7}},"19":{"start":{"line":47,"column":8},"end":{"line":47,"column":52}},"20":{"start":{"line":54,"column":4},"end":{"line":60,"column":5}},"21":{"start":{"line":55,"column":6},"end":{"line":55,"column":198}},"22":{"start":{"line":56,"column":6},"end":{"line":56,"column":69}},"23":{"start":{"line":58,"column":6},"end":{"line":58,"column":221}},"24":{"start":{"line":59,"column":6},"end":{"line":59,"column":48}},"25":{"start":{"line":62,"column":4},"end":{"line":84,"column":6}}},"fnMap":{"0":{"name":"(anonymous_0)","decl":{"start":{"line":7,"column":2},"end":{"line":7,"column":3}},"loc":{"start":{"line":7,"column":21},"end":{"line":16,"column":3}},"line":7},"1":{"name":"(anonymous_1)","decl":{"start":{"line":18,"column":2},"end":{"line":18,"column":3}},"loc":{"start":{"line":18,"column":22},"end":{"line":27,"column":3}},"line":18},"2":{"name":"(anonymous_2)","decl":{"start":{"line":20,"column":12},"end":{"line":20,"column":13}},"loc":{"start":{"line":20,"column":21},"end":{"line":26,"column":7}},"line":20},"3":{"name":"(anonymous_3)","decl":{"start":{"line":29,"column":2},"end":{"line":29,"column":3}},"loc":{"start":{"line":29,"column":29},"end":{"line":31,"column":3}},"line":29},"4":{"name":"(anonymous_4)","decl":{"start":{"line":33,"column":2},"end":{"line":33,"column":3}},"loc":{"start":{"line":33,"column":30},"end":{"line":37,"column":3}},"line":33},"5":{"name":"(anonymous_5)","decl":{"start":{"line":39,"column":2},"end":{"line":39,"column":3}},"loc":{"start":{"line":39,"column":11},"end":{"line":85,"column":3}},"line":39}},"branchMap":{"0":{"loc":{"start":{"line":43,"column":25},"end":{"line":43,"column":59}},"type":"binary-expr","locations":[{"start":{"line":43,"column":25},"end":{"line":43,"column":53}},{"start":{"line":43,"column":57},"end":{"line":43,"column":59}}],"line":43},"1":{"loc":{"start":{"line":46,"column":6},"end":{"line":48,"column":7}},"type":"if","locations":[{"start":{"line":46,"column":6},"end":{"line":48,"column":7}},{"start":{"line":46,"column":6},"end":{"line":48,"column":7}}],"line":46},"2":{"loc":{"start":{"line":47,"column":22},"end":{"line":47,"column":51}},"type":"binary-expr","locations":[{"start":{"line":47,"column":22},"end":{"line":47,"column":45}},{"start":{"line":47,"column":49},"end":{"line":47,"column":51}}],"line":47},"3":{"loc":{"start":{"line":54,"column":4},"end":{"line":60,"column":5}},"type":"if","locations":[{"start":{"line":54,"column":4},"end":{"line":60,"column":5}},{"start":{"line":54,"column":4},"end":{"line":60,"column":5}}],"line":54}},"s":{"0":3,"1":3,"2":3,"3":3,"4":3,"5":0,"6":0,"7":0,"8":1,"9":1,"10":1,"11":4,"12":4,"13":4,"14":4,"15":4,"16":4,"17":4,"18":0,"19":0,"20":4,"21":3,"22":3,"23":1,"24":1,"25":4},"f":{"0":3,"1":3,"2":0,"3":0,"4":1,"5":4},"b":{"0":[4,4],"1":[0,0],"2":[0,0],"3":[3,1]},"_coverageSchema":"43e27e138ebf9cfc5966b082cf9a028302ed4184","hash":"b5f23b4fabe0d62e1a33a6600b883ba577b8a4e0"}
,"/Users/minho/hackReactor/FEC/summary-menu/client/src/components/MenuCategoryButtons.jsx": {"path":"/Users/minho/hackReactor/FEC/summary-menu/client/src/components/MenuCategoryButtons.jsx","statementMap":{"0":{"start":{"line":4,"column":28},"end":{"line":12,"column":1}},"1":{"start":{"line":5,"column":2},"end":{"line":11,"column":8}},"2":{"start":{"line":7,"column":6},"end":{"line":9,"column":199}},"3":{"start":{"line":14,"column":0},"end":{"line":18,"column":2}}},"fnMap":{"0":{"name":"(anonymous_0)","decl":{"start":{"line":4,"column":28},"end":{"line":4,"column":29}},"loc":{"start":{"line":5,"column":2},"end":{"line":11,"column":8}},"line":5},"1":{"name":"(anonymous_1)","decl":{"start":{"line":6,"column":22},"end":{"line":6,"column":23}},"loc":{"start":{"line":7,"column":6},"end":{"line":9,"column":199}},"line":7}},"branchMap":{"0":{"loc":{"start":{"line":7,"column":6},"end":{"line":9,"column":199}},"type":"cond-expr","locations":[{"start":{"line":8,"column":10},"end":{"line":8,"column":233}},{"start":{"line":9,"column":10},"end":{"line":9,"column":199}}],"line":7}},"s":{"0":1,"1":3,"2":9,"3":1},"f":{"0":3,"1":9},"b":{"0":[3,6]},"_coverageSchema":"43e27e138ebf9cfc5966b082cf9a028302ed4184","hash":"94ed044320226f570b17cb3f56b2d4c042c482c8"}
,"/Users/minho/hackReactor/FEC/summary-menu/client/src/components/MenuEntry.jsx": {"path":"/Users/minho/hackReactor/FEC/summary-menu/client/src/components/MenuEntry.jsx","statementMap":{"0":{"start":{"line":4,"column":18},"end":{"line":12,"column":1}},"1":{"start":{"line":5,"column":2},"end":{"line":11,"column":4}},"2":{"start":{"line":6,"column":4},"end":{"line":10,"column":10}},"3":{"start":{"line":14,"column":0},"end":{"line":16,"column":2}}},"fnMap":{"0":{"name":"(anonymous_0)","decl":{"start":{"line":4,"column":18},"end":{"line":4,"column":19}},"loc":{"start":{"line":5,"column":2},"end":{"line":11,"column":4}},"line":5},"1":{"name":"(anonymous_1)","decl":{"start":{"line":5,"column":14},"end":{"line":5,"column":15}},"loc":{"start":{"line":6,"column":4},"end":{"line":10,"column":10}},"line":6}},"branchMap":{},"s":{"0":1,"1":1,"2":3,"3":1},"f":{"0":1,"1":3},"b":{},"_coverageSchema":"43e27e138ebf9cfc5966b082cf9a028302ed4184","hash":"6f983283527f0796fd6ce735499e5a05a62b2dc7"}
,"/Users/minho/hackReactor/FEC/summary-menu/client/src/components/MenusByHeaders.jsx": {"path":"/Users/minho/hackReactor/FEC/summary-menu/client/src/components/MenusByHeaders.jsx","statementMap":{"0":{"start":{"line":6,"column":23},"end":{"line":17,"column":1}},"1":{"start":{"line":7,"column":2},"end":{"line":16,"column":4}},"2":{"start":{"line":8,"column":4},"end":{"line":15,"column":10}},"3":{"start":{"line":19,"column":0},"end":{"line":21,"column":2}}},"fnMap":{"0":{"name":"(anonymous_0)","decl":{"start":{"line":6,"column":23},"end":{"line":6,"column":24}},"loc":{"start":{"line":7,"column":2},"end":{"line":16,"column":4}},"line":7},"1":{"name":"(anonymous_1)","decl":{"start":{"line":7,"column":18},"end":{"line":7,"column":19}},"loc":{"start":{"line":8,"column":4},"end":{"line":15,"column":10}},"line":8}},"branchMap":{},"s":{"0":1,"1":1,"2":3,"3":1},"f":{"0":1,"1":3},"b":{},"_coverageSchema":"43e27e138ebf9cfc5966b082cf9a028302ed4184","hash":"564b4b325641110a25bd126bff8e101f1f7bb3b8"}
}
